    ======  ======
    Time:6/2/2017 3:52:33 PM
    Title: Initiate log
    Message: 
    Time:6/2/2017 3:52:33 PM
    Title: Initiate InternalManager
    Message: Trying to Validate License
    Time:6/2/2017 3:52:33 PM
    Title: Requesting EVT
    Message: EVTP
    Time:6/2/2017 3:52:33 PM
    Title: Requesting Validation
    Message: ILMValidate
    Time:6/2/2017 3:52:33 PM
    Title: LICENSER
    Message: TRL MODE
    Time:6/2/2017 3:52:33 PM
    Title: LICENSER
    Message: DS LEFT30
    Time:6/2/2017 3:52:33 PM
    Title: LICENSER
    Message: DT MARK PASSED30.00:00:00
    Time:6/2/2017 3:52:37 PM
    Title: Requesting Validation
    Message: ILMValidate True
    Time:6/2/2017 3:52:37 PM
    Title: Requesting Validation
    Message: ILMValidate True Trial
